<?xml version="1.0" encoding="UTF-8"?>
<testng-results skipped="0" failed="1" total="1" passed="0">
  <reporter-output>
  </reporter-output>
  <suite name="Default suite" duration-ms="899" started-at="2022-07-11T19:06:12Z" finished-at="2022-07-11T19:06:13Z">
    <groups>
    </groups>
    <test name="Default test" duration-ms="899" started-at="2022-07-11T19:06:12Z" finished-at="2022-07-11T19:06:13Z">
      <class name="driverFactory.DriverScript">
        <test-method status="PASS" signature="setUp()[pri:0, instance:driverFactory.DriverScript@35bbe5e8]" name="setUp" is-config="true" duration-ms="7210" started-at="2022-07-12T00:36:05Z" finished-at="2022-07-12T00:36:12Z">
          <reporter-output>
          </reporter-output>
        </test-method> <!-- setUp -->
        <test-method status="FAIL" signature="statTest()[pri:0, instance:driverFactory.DriverScript@35bbe5e8]" name="statTest" duration-ms="858" started-at="2022-07-12T00:36:12Z" finished-at="2022-07-12T00:36:13Z">
          <exception class="org.apache.poi.openxml4j.exceptions.NotOfficeXmlFileException">
            <message>
              <![CDATA[No valid entries or contents found, this is not a valid OOXML (Office Open XML) file]]>
            </message>
            <full-stacktrace>
              <![CDATA[org.apache.poi.openxml4j.exceptions.NotOfficeXmlFileException: No valid entries or contents found, this is not a valid OOXML (Office Open XML) file
	at org.apache.poi.openxml4j.opc.ZipPackage.getPartsImpl(ZipPackage.java:286)
	at org.apache.poi.openxml4j.opc.OPCPackage.getParts(OPCPackage.java:758)
	at org.apache.poi.openxml4j.opc.OPCPackage.open(OPCPackage.java:327)
	at org.apache.poi.util.PackageHelper.open(PackageHelper.java:37)
	at org.apache.poi.xssf.usermodel.XSSFWorkbook.<init>(XSSFWorkbook.java:291)
	at utilities.ExcelFileUtil.<init>(ExcelFileUtil.java:22)
	at driverFactory.DriverScript.statTest(DriverScript.java:27)
	at sun.reflect.NativeMethodAccessorImpl.invoke0(Native Method)
	at sun.reflect.NativeMethodAccessorImpl.invoke(Unknown Source)
	at sun.reflect.DelegatingMethodAccessorImpl.invoke(Unknown Source)
	at java.lang.reflect.Method.invoke(Unknown Source)
	at org.testng.internal.MethodInvocationHelper.invokeMethod(MethodInvocationHelper.java:85)
	at org.testng.internal.Invoker.invokeMethod(Invoker.java:639)
	at org.testng.internal.Invoker.invokeTestMethod(Invoker.java:816)
	at org.testng.internal.Invoker.invokeTestMethods(Invoker.java:1124)
	at org.testng.internal.TestMethodWorker.invokeTestMethods(TestMethodWorker.java:125)
	at org.testng.internal.TestMethodWorker.run(TestMethodWorker.java:108)
	at org.testng.TestRunner.privateRun(TestRunner.java:774)
	at org.testng.TestRunner.run(TestRunner.java:624)
	at org.testng.SuiteRunner.runTest(SuiteRunner.java:359)
	at org.testng.SuiteRunner.runSequentially(SuiteRunner.java:354)
	at org.testng.SuiteRunner.privateRun(SuiteRunner.java:312)
	at org.testng.SuiteRunner.run(SuiteRunner.java:261)
	at org.testng.SuiteRunnerWorker.runSuite(SuiteRunnerWorker.java:52)
	at org.testng.SuiteRunnerWorker.run(SuiteRunnerWorker.java:86)
	at org.testng.TestNG.runSuitesSequentially(TestNG.java:1215)
	at org.testng.TestNG.runSuitesLocally(TestNG.java:1140)
	at org.testng.TestNG.run(TestNG.java:1048)
	at org.testng.remote.RemoteTestNG.run(RemoteTestNG.java:112)
	at org.testng.remote.RemoteTestNG.initAndRun(RemoteTestNG.java:205)
	at org.testng.remote.RemoteTestNG.main(RemoteTestNG.java:176)
]]>
            </full-stacktrace>
          </exception> <!-- org.apache.poi.openxml4j.exceptions.NotOfficeXmlFileException -->
          <reporter-output>
          </reporter-output>
        </test-method> <!-- statTest -->
        <test-method status="PASS" signature="tearDown()[pri:0, instance:driverFactory.DriverScript@35bbe5e8]" name="tearDown" is-config="true" duration-ms="559" started-at="2022-07-12T00:36:13Z" finished-at="2022-07-12T00:36:14Z">
          <reporter-output>
          </reporter-output>
        </test-method> <!-- tearDown -->
      </class> <!-- driverFactory.DriverScript -->
    </test> <!-- Default test -->
  </suite> <!-- Default suite -->
</testng-results>
